<testsuites><?xml version="1.0" encoding="UTF-8"?>
<testsuite xmlns:xsi="http://www.w3.org/2001/XMLSchema-instance" xsi:noNamespaceSchemaLocation="https://maven.apache.org/surefire/maven-surefire-plugin/xsd/surefire-test-report.xsd" name="com.google.example.SomeClassTest" time="0.033" tests="2" errors="0" skipped="0" failures="1">
  <properties>
[...]
</properties>
  <testcase name="regionTag_shouldFail" classname="com.google.example.SomeClassTest" time="0.005">
    <failure message="should fail" type="java.lang.AssertionError">java.lang.AssertionError: should fail
	at com.google.example.SomeClassTest.regionTag_shouldFail(SomeClassTest.java:33)
</failure>
  </testcase>
  <testcase name="regionTag_shouldPass" classname="com.google.example.SomeClassTest" time="0"/>
</testsuite><?xml version="1.0" encoding="UTF-8"?>
<testsuite xmlns:xsi="http://www.w3.org/2001/XMLSchema-instance" xsi:noNamespaceSchemaLocation="https://maven.apache.org/surefire/maven-surefire-plugin/xsd/surefire-test-report.xsd" name="com.google.region_tag.example.SomeClassTest" time="0.034" tests="2" errors="0" skipped="0" failures="1">
  <properties>
[...]
</properties>
  <testcase name="should_fail" classname="com.google.region_tag.example.SomeClassTest" time="0.006">
    <failure message="should fail" type="java.lang.AssertionError">java.lang.AssertionError: should fail
	at com.google.region_tag.example.SomeClassTest.should_fail(SomeClassTest.java:33)
</failure>
  </testcase>
  <testcase name="should_pass" classname="com.google.region_tag.example.SomeClassTest" time="0"/>
</testsuite></testsuites>
